<?xml version="1.0" encoding="UTF-8"?>
<robot generator="Robot 3.2.2 (Python 3.8.6 on darwin)" generated="20201027 23:56:35.701" rpa="false">
<suite id="s1" name="Android Example" source="/Users/thermsen/dev/private/robotframework/robotframework-apps/test/android_example.robot">
<test id="s1-t1" name="Navigation Test">
<kw name="Open Android Test App" library="base" type="setup">
<kw name="Open Application" library="AppiumLibrary">
<doc>Opens a new application to given Appium server.
Capabilities of appium server, Android and iOS,
Please check https://github.com/appium/appium/blob/master/docs/en/writing-running-appium/server-args.md
| *Option*            | *Man.* | *Description*     |
| remote_url          | Yes    | Appium server url |
| alias               | no     | alias             |</doc>
<arguments>
<arg>http://127.0.0.1:4723/wd/hub</arg>
<arg>automationName=${ANDROID_AUTOMATION_NAME}</arg>
<arg>app=${ANDROID_APP}</arg>
<arg>platformName=${ANDROID_PLATFORM_NAME}</arg>
<arg>platformVersion=${ANDROID_PLATFORM_VERSION}</arg>
<arg>appPackage=${ANDROID_APP_PACKAGE}</arg>
<arg>appActivity=${appActivity}</arg>
</arguments>
<status status="PASS" starttime="20201027 23:56:35.828" endtime="20201027 23:56:45.096"></status>
</kw>
<status status="PASS" starttime="20201027 23:56:35.828" endtime="20201027 23:56:45.097"></status>
</kw>
<kw name="Wait Until Element Is Visible" library="AppiumLibrary">
<doc>Waits until element specified with `locator` is visible.</doc>
<arguments>
<arg>accessibility_id=agree_btn</arg>
<arg>${DEFAULT_WAIT_TIME}</arg>
</arguments>
<status status="PASS" starttime="20201027 23:56:45.097" endtime="20201027 23:56:52.584"></status>
</kw>
<kw name="Click Element" library="AppiumLibrary">
<doc>Click element identified by `locator`.</doc>
<arguments>
<arg>accessibility_id=agree_btn</arg>
</arguments>
<msg timestamp="20201027 23:56:52.585" level="INFO">Clicking element 'accessibility_id=agree_btn'.</msg>
<status status="PASS" starttime="20201027 23:56:52.584" endtime="20201027 23:56:52.646"></status>
</kw>
<kw name="Wait Until Page Contains" library="AppiumLibrary">
<doc>Waits until `text` appears on current page.</doc>
<arguments>
<arg>Carbon Budget</arg>
<arg>${DEFAULT_WAIT_TIME}</arg>
</arguments>
<status status="PASS" starttime="20201027 23:56:52.646" endtime="20201027 23:56:53.873"></status>
</kw>
<kw name="Click Text" library="AppiumLibrary">
<doc>Click text identified by ``text``.</doc>
<arguments>
<arg>Act</arg>
</arguments>
<status status="PASS" starttime="20201027 23:56:53.873" endtime="20201027 23:56:54.063"></status>
</kw>
<kw name="Sleep" library="BuiltIn">
<doc>Pauses the test executed for the given time.</doc>
<arguments>
<arg>5</arg>
</arguments>
<msg timestamp="20201027 23:56:59.064" level="INFO">Slept 5 seconds</msg>
<status status="PASS" starttime="20201027 23:56:54.064" endtime="20201027 23:56:59.064"></status>
</kw>
<kw name="Wait Until Page Contains" library="AppiumLibrary">
<doc>Waits until `text` appears on current page.</doc>
<arguments>
<arg>Sustainable Guide</arg>
<arg>${DEFAULT_WAIT_TIME}</arg>
</arguments>
<status status="PASS" starttime="20201027 23:56:59.064" endtime="20201027 23:56:59.169"></status>
</kw>
<kw name="Click Text" library="AppiumLibrary">
<doc>Click text identified by ``text``.</doc>
<arguments>
<arg>Eating seasonal and local</arg>
</arguments>
<status status="PASS" starttime="20201027 23:56:59.169" endtime="20201027 23:56:59.331"></status>
</kw>
<kw name="Wait Until Page Contains" library="AppiumLibrary">
<doc>Waits until `text` appears on current page.</doc>
<arguments>
<arg>Eating seasonal fruits and vegetables</arg>
<arg>${DEFAULT_WAIT_TIME}</arg>
</arguments>
<status status="PASS" starttime="20201027 23:56:59.331" endtime="20201027 23:57:00.516"></status>
</kw>
<kw name="Page Should Contain Text" library="AppiumLibrary">
<doc>Verifies that current page contains `text`.</doc>
<arguments>
<arg>We all love tomatoes.</arg>
</arguments>
<msg timestamp="20201027 23:57:00.579" level="INFO">Current page contains text 'We all love tomatoes.'.</msg>
<status status="PASS" starttime="20201027 23:57:00.516" endtime="20201027 23:57:00.579"></status>
</kw>
<kw name="Sleep" library="BuiltIn">
<doc>Pauses the test executed for the given time.</doc>
<arguments>
<arg>5</arg>
</arguments>
<msg timestamp="20201027 23:57:05.580" level="INFO">Slept 5 seconds</msg>
<status status="PASS" starttime="20201027 23:57:00.579" endtime="20201027 23:57:05.580"></status>
</kw>
<kw name="Close Application" library="AppiumLibrary" type="teardown">
<doc>Closes the current application and also close webdriver session.</doc>
<status status="PASS" starttime="20201027 23:57:05.581" endtime="20201027 23:57:05.870"></status>
</kw>
<status status="PASS" starttime="20201027 23:56:35.828" endtime="20201027 23:57:05.870" critical="yes"></status>
</test>
<status status="PASS" starttime="20201027 23:56:35.703" endtime="20201027 23:57:05.871"></status>
</suite>
<statistics>
<total>
<stat pass="1" fail="0">Critical Tests</stat>
<stat pass="1" fail="0">All Tests</stat>
</total>
<tag>
</tag>
<suite>
<stat pass="1" fail="0" id="s1" name="Android Example">Android Example</stat>
</suite>
</statistics>
<errors>
</errors>
</robot>
